:: loading settings :: url = jar:file:/opt/bitnami/spark/jars/ivy-2.5.0.jar!/org/apache/ivy/core/settings/ivysettings.xml
Ivy Default Cache set to: /opt/bitnami/spark/.ivy2/cache
The jars for the packages stored in: /opt/bitnami/spark/.ivy2/jars
org.apache.spark#spark-sql-kafka-0-10_2.12 added as a dependency
:: resolving dependencies :: org.apache.spark#spark-submit-parent-ef7ad0ae-d4a4-4571-9eb9-82810cd07feb;1.0
	confs: [default]
	found org.apache.spark#spark-sql-kafka-0-10_2.12;3.2.1 in central
	found org.apache.spark#spark-token-provider-kafka-0-10_2.12;3.2.1 in central
	found org.apache.kafka#kafka-clients;2.8.0 in central
	found org.lz4#lz4-java;1.7.1 in central
	found org.xerial.snappy#snappy-java;1.1.8.4 in central
	found org.slf4j#slf4j-api;1.7.30 in central
	found org.apache.hadoop#hadoop-client-runtime;3.3.1 in central
	found org.spark-project.spark#unused;1.0.0 in central
	found org.apache.hadoop#hadoop-client-api;3.3.1 in central
	found org.apache.htrace#htrace-core4;4.1.0-incubating in central
	found commons-logging#commons-logging;1.1.3 in central
	found com.google.code.findbugs#jsr305;3.0.0 in central
	found org.apache.commons#commons-pool2;2.6.2 in central
:: resolution report :: resolve 1523ms :: artifacts dl 114ms
	:: modules in use:
	com.google.code.findbugs#jsr305;3.0.0 from central in [default]
	commons-logging#commons-logging;1.1.3 from central in [default]
	org.apache.commons#commons-pool2;2.6.2 from central in [default]
	org.apache.hadoop#hadoop-client-api;3.3.1 from central in [default]
	org.apache.hadoop#hadoop-client-runtime;3.3.1 from central in [default]
	org.apache.htrace#htrace-core4;4.1.0-incubating from central in [default]
	org.apache.kafka#kafka-clients;2.8.0 from central in [default]
	org.apache.spark#spark-sql-kafka-0-10_2.12;3.2.1 from central in [default]
	org.apache.spark#spark-token-provider-kafka-0-10_2.12;3.2.1 from central in [default]
	org.lz4#lz4-java;1.7.1 from central in [default]
	org.slf4j#slf4j-api;1.7.30 from central in [default]
	org.spark-project.spark#unused;1.0.0 from central in [default]
	org.xerial.snappy#snappy-java;1.1.8.4 from central in [default]
	---------------------------------------------------------------------
	|                  |            modules            ||   artifacts   |
	|       conf       | number| search|dwnlded|evicted|| number|dwnlded|
	---------------------------------------------------------------------
	|      default     |   13  |   0   |   0   |   0   ||   13  |   0   |
	---------------------------------------------------------------------
:: retrieving :: org.apache.spark#spark-submit-parent-ef7ad0ae-d4a4-4571-9eb9-82810cd07feb
	confs: [default]
	0 artifacts copied, 13 already retrieved (0kB/32ms)
24/09/14 04:40:58 WARN NativeCodeLoader: Unable to load native-hadoop library for your platform... using builtin-java classes where applicable
Using Spark's default log4j profile: org/apache/spark/log4j-defaults.properties
24/09/14 04:41:00 INFO SparkContext: Running Spark version 3.2.1
24/09/14 04:41:00 INFO ResourceUtils: ==============================================================
24/09/14 04:41:00 INFO ResourceUtils: No custom resources configured for spark.driver.
24/09/14 04:41:00 INFO ResourceUtils: ==============================================================
24/09/14 04:41:00 INFO SparkContext: Submitted application: Kafka-Stream-STEDI-Events
24/09/14 04:41:00 INFO ResourceProfile: Default ResourceProfile created, executor resources: Map(cores -> name: cores, amount: 1, script: , vendor: , memory -> name: memory, amount: 1024, script: , vendor: , offHeap -> name: offHeap, amount: 0, script: , vendor: ), task resources: Map(cpus -> name: cpus, amount: 1.0)
24/09/14 04:41:00 INFO ResourceProfile: Limiting resource is cpu
24/09/14 04:41:00 INFO ResourceProfileManager: Added ResourceProfile id: 0
24/09/14 04:41:00 INFO SecurityManager: Changing view acls to: spark
24/09/14 04:41:00 INFO SecurityManager: Changing modify acls to: spark
24/09/14 04:41:00 INFO SecurityManager: Changing view acls groups to: 
24/09/14 04:41:00 INFO SecurityManager: Changing modify acls groups to: 
24/09/14 04:41:00 INFO SecurityManager: SecurityManager: authentication disabled; ui acls disabled; users  with view permissions: Set(spark); groups with view permissions: Set(); users  with modify permissions: Set(spark); groups with modify permissions: Set()
24/09/14 04:41:01 INFO Utils: Successfully started service 'sparkDriver' on port 38925.
24/09/14 04:41:02 INFO SparkEnv: Registering MapOutputTracker
24/09/14 04:41:02 INFO SparkEnv: Registering BlockManagerMaster
24/09/14 04:41:02 INFO BlockManagerMasterEndpoint: Using org.apache.spark.storage.DefaultTopologyMapper for getting topology information
24/09/14 04:41:02 INFO BlockManagerMasterEndpoint: BlockManagerMasterEndpoint up
24/09/14 04:41:02 INFO SparkEnv: Registering BlockManagerMasterHeartbeat
24/09/14 04:41:02 INFO DiskBlockManager: Created local directory at /tmp/blockmgr-172449d2-0dc6-4196-924a-765cd9756db8
24/09/14 04:41:02 INFO MemoryStore: MemoryStore started with capacity 366.3 MiB
24/09/14 04:41:02 INFO SparkEnv: Registering OutputCommitCoordinator
24/09/14 04:41:02 INFO Utils: Successfully started service 'SparkUI' on port 4040.
24/09/14 04:41:03 INFO SparkUI: Bound SparkUI to 0.0.0.0, and started at http://cea0d5d05998:4040
24/09/14 04:41:03 INFO SparkContext: Added JAR file:///opt/bitnami/spark/.ivy2/jars/org.apache.spark_spark-sql-kafka-0-10_2.12-3.2.1.jar at spark://cea0d5d05998:38925/jars/org.apache.spark_spark-sql-kafka-0-10_2.12-3.2.1.jar with timestamp 1726288860630
24/09/14 04:41:03 INFO SparkContext: Added JAR file:///opt/bitnami/spark/.ivy2/jars/org.apache.spark_spark-token-provider-kafka-0-10_2.12-3.2.1.jar at spark://cea0d5d05998:38925/jars/org.apache.spark_spark-token-provider-kafka-0-10_2.12-3.2.1.jar with timestamp 1726288860630
24/09/14 04:41:03 INFO SparkContext: Added JAR file:///opt/bitnami/spark/.ivy2/jars/org.apache.kafka_kafka-clients-2.8.0.jar at spark://cea0d5d05998:38925/jars/org.apache.kafka_kafka-clients-2.8.0.jar with timestamp 1726288860630
24/09/14 04:41:03 INFO SparkContext: Added JAR file:///opt/bitnami/spark/.ivy2/jars/com.google.code.findbugs_jsr305-3.0.0.jar at spark://cea0d5d05998:38925/jars/com.google.code.findbugs_jsr305-3.0.0.jar with timestamp 1726288860630
24/09/14 04:41:03 INFO SparkContext: Added JAR file:///opt/bitnami/spark/.ivy2/jars/org.apache.commons_commons-pool2-2.6.2.jar at spark://cea0d5d05998:38925/jars/org.apache.commons_commons-pool2-2.6.2.jar with timestamp 1726288860630
24/09/14 04:41:03 INFO SparkContext: Added JAR file:///opt/bitnami/spark/.ivy2/jars/org.spark-project.spark_unused-1.0.0.jar at spark://cea0d5d05998:38925/jars/org.spark-project.spark_unused-1.0.0.jar with timestamp 1726288860630
24/09/14 04:41:03 INFO SparkContext: Added JAR file:///opt/bitnami/spark/.ivy2/jars/org.apache.hadoop_hadoop-client-runtime-3.3.1.jar at spark://cea0d5d05998:38925/jars/org.apache.hadoop_hadoop-client-runtime-3.3.1.jar with timestamp 1726288860630
24/09/14 04:41:03 INFO SparkContext: Added JAR file:///opt/bitnami/spark/.ivy2/jars/org.lz4_lz4-java-1.7.1.jar at spark://cea0d5d05998:38925/jars/org.lz4_lz4-java-1.7.1.jar with timestamp 1726288860630
24/09/14 04:41:03 INFO SparkContext: Added JAR file:///opt/bitnami/spark/.ivy2/jars/org.xerial.snappy_snappy-java-1.1.8.4.jar at spark://cea0d5d05998:38925/jars/org.xerial.snappy_snappy-java-1.1.8.4.jar with timestamp 1726288860630
24/09/14 04:41:03 INFO SparkContext: Added JAR file:///opt/bitnami/spark/.ivy2/jars/org.slf4j_slf4j-api-1.7.30.jar at spark://cea0d5d05998:38925/jars/org.slf4j_slf4j-api-1.7.30.jar with timestamp 1726288860630
24/09/14 04:41:03 INFO SparkContext: Added JAR file:///opt/bitnami/spark/.ivy2/jars/org.apache.hadoop_hadoop-client-api-3.3.1.jar at spark://cea0d5d05998:38925/jars/org.apache.hadoop_hadoop-client-api-3.3.1.jar with timestamp 1726288860630
24/09/14 04:41:03 INFO SparkContext: Added JAR file:///opt/bitnami/spark/.ivy2/jars/org.apache.htrace_htrace-core4-4.1.0-incubating.jar at spark://cea0d5d05998:38925/jars/org.apache.htrace_htrace-core4-4.1.0-incubating.jar with timestamp 1726288860630
24/09/14 04:41:03 INFO SparkContext: Added JAR file:///opt/bitnami/spark/.ivy2/jars/commons-logging_commons-logging-1.1.3.jar at spark://cea0d5d05998:38925/jars/commons-logging_commons-logging-1.1.3.jar with timestamp 1726288860630
24/09/14 04:41:03 INFO SparkContext: Added file file:///opt/bitnami/spark/.ivy2/jars/org.apache.spark_spark-sql-kafka-0-10_2.12-3.2.1.jar at file:///opt/bitnami/spark/.ivy2/jars/org.apache.spark_spark-sql-kafka-0-10_2.12-3.2.1.jar with timestamp 1726288860630
24/09/14 04:41:03 INFO Utils: Copying /opt/bitnami/spark/.ivy2/jars/org.apache.spark_spark-sql-kafka-0-10_2.12-3.2.1.jar to /tmp/spark-6bb99060-0589-43fe-b415-52f5b076315d/userFiles-d9903c8e-1ccc-4a59-8cba-f8f7ee5cf07a/org.apache.spark_spark-sql-kafka-0-10_2.12-3.2.1.jar
24/09/14 04:41:03 INFO SparkContext: Added file file:///opt/bitnami/spark/.ivy2/jars/org.apache.spark_spark-token-provider-kafka-0-10_2.12-3.2.1.jar at file:///opt/bitnami/spark/.ivy2/jars/org.apache.spark_spark-token-provider-kafka-0-10_2.12-3.2.1.jar with timestamp 1726288860630
24/09/14 04:41:03 INFO Utils: Copying /opt/bitnami/spark/.ivy2/jars/org.apache.spark_spark-token-provider-kafka-0-10_2.12-3.2.1.jar to /tmp/spark-6bb99060-0589-43fe-b415-52f5b076315d/userFiles-d9903c8e-1ccc-4a59-8cba-f8f7ee5cf07a/org.apache.spark_spark-token-provider-kafka-0-10_2.12-3.2.1.jar
24/09/14 04:41:03 INFO SparkContext: Added file file:///opt/bitnami/spark/.ivy2/jars/org.apache.kafka_kafka-clients-2.8.0.jar at file:///opt/bitnami/spark/.ivy2/jars/org.apache.kafka_kafka-clients-2.8.0.jar with timestamp 1726288860630
24/09/14 04:41:03 INFO Utils: Copying /opt/bitnami/spark/.ivy2/jars/org.apache.kafka_kafka-clients-2.8.0.jar to /tmp/spark-6bb99060-0589-43fe-b415-52f5b076315d/userFiles-d9903c8e-1ccc-4a59-8cba-f8f7ee5cf07a/org.apache.kafka_kafka-clients-2.8.0.jar
24/09/14 04:41:03 INFO SparkContext: Added file file:///opt/bitnami/spark/.ivy2/jars/com.google.code.findbugs_jsr305-3.0.0.jar at file:///opt/bitnami/spark/.ivy2/jars/com.google.code.findbugs_jsr305-3.0.0.jar with timestamp 1726288860630
24/09/14 04:41:03 INFO Utils: Copying /opt/bitnami/spark/.ivy2/jars/com.google.code.findbugs_jsr305-3.0.0.jar to /tmp/spark-6bb99060-0589-43fe-b415-52f5b076315d/userFiles-d9903c8e-1ccc-4a59-8cba-f8f7ee5cf07a/com.google.code.findbugs_jsr305-3.0.0.jar
24/09/14 04:41:03 INFO SparkContext: Added file file:///opt/bitnami/spark/.ivy2/jars/org.apache.commons_commons-pool2-2.6.2.jar at file:///opt/bitnami/spark/.ivy2/jars/org.apache.commons_commons-pool2-2.6.2.jar with timestamp 1726288860630
24/09/14 04:41:03 INFO Utils: Copying /opt/bitnami/spark/.ivy2/jars/org.apache.commons_commons-pool2-2.6.2.jar to /tmp/spark-6bb99060-0589-43fe-b415-52f5b076315d/userFiles-d9903c8e-1ccc-4a59-8cba-f8f7ee5cf07a/org.apache.commons_commons-pool2-2.6.2.jar
24/09/14 04:41:03 INFO SparkContext: Added file file:///opt/bitnami/spark/.ivy2/jars/org.spark-project.spark_unused-1.0.0.jar at file:///opt/bitnami/spark/.ivy2/jars/org.spark-project.spark_unused-1.0.0.jar with timestamp 1726288860630
24/09/14 04:41:03 INFO Utils: Copying /opt/bitnami/spark/.ivy2/jars/org.spark-project.spark_unused-1.0.0.jar to /tmp/spark-6bb99060-0589-43fe-b415-52f5b076315d/userFiles-d9903c8e-1ccc-4a59-8cba-f8f7ee5cf07a/org.spark-project.spark_unused-1.0.0.jar
24/09/14 04:41:03 INFO SparkContext: Added file file:///opt/bitnami/spark/.ivy2/jars/org.apache.hadoop_hadoop-client-runtime-3.3.1.jar at file:///opt/bitnami/spark/.ivy2/jars/org.apache.hadoop_hadoop-client-runtime-3.3.1.jar with timestamp 1726288860630
24/09/14 04:41:03 INFO Utils: Copying /opt/bitnami/spark/.ivy2/jars/org.apache.hadoop_hadoop-client-runtime-3.3.1.jar to /tmp/spark-6bb99060-0589-43fe-b415-52f5b076315d/userFiles-d9903c8e-1ccc-4a59-8cba-f8f7ee5cf07a/org.apache.hadoop_hadoop-client-runtime-3.3.1.jar
24/09/14 04:41:03 INFO SparkContext: Added file file:///opt/bitnami/spark/.ivy2/jars/org.lz4_lz4-java-1.7.1.jar at file:///opt/bitnami/spark/.ivy2/jars/org.lz4_lz4-java-1.7.1.jar with timestamp 1726288860630
24/09/14 04:41:03 INFO Utils: Copying /opt/bitnami/spark/.ivy2/jars/org.lz4_lz4-java-1.7.1.jar to /tmp/spark-6bb99060-0589-43fe-b415-52f5b076315d/userFiles-d9903c8e-1ccc-4a59-8cba-f8f7ee5cf07a/org.lz4_lz4-java-1.7.1.jar
24/09/14 04:41:03 INFO SparkContext: Added file file:///opt/bitnami/spark/.ivy2/jars/org.xerial.snappy_snappy-java-1.1.8.4.jar at file:///opt/bitnami/spark/.ivy2/jars/org.xerial.snappy_snappy-java-1.1.8.4.jar with timestamp 1726288860630
24/09/14 04:41:03 INFO Utils: Copying /opt/bitnami/spark/.ivy2/jars/org.xerial.snappy_snappy-java-1.1.8.4.jar to /tmp/spark-6bb99060-0589-43fe-b415-52f5b076315d/userFiles-d9903c8e-1ccc-4a59-8cba-f8f7ee5cf07a/org.xerial.snappy_snappy-java-1.1.8.4.jar
24/09/14 04:41:03 INFO SparkContext: Added file file:///opt/bitnami/spark/.ivy2/jars/org.slf4j_slf4j-api-1.7.30.jar at file:///opt/bitnami/spark/.ivy2/jars/org.slf4j_slf4j-api-1.7.30.jar with timestamp 1726288860630
24/09/14 04:41:03 INFO Utils: Copying /opt/bitnami/spark/.ivy2/jars/org.slf4j_slf4j-api-1.7.30.jar to /tmp/spark-6bb99060-0589-43fe-b415-52f5b076315d/userFiles-d9903c8e-1ccc-4a59-8cba-f8f7ee5cf07a/org.slf4j_slf4j-api-1.7.30.jar
24/09/14 04:41:03 INFO SparkContext: Added file file:///opt/bitnami/spark/.ivy2/jars/org.apache.hadoop_hadoop-client-api-3.3.1.jar at file:///opt/bitnami/spark/.ivy2/jars/org.apache.hadoop_hadoop-client-api-3.3.1.jar with timestamp 1726288860630
24/09/14 04:41:03 INFO Utils: Copying /opt/bitnami/spark/.ivy2/jars/org.apache.hadoop_hadoop-client-api-3.3.1.jar to /tmp/spark-6bb99060-0589-43fe-b415-52f5b076315d/userFiles-d9903c8e-1ccc-4a59-8cba-f8f7ee5cf07a/org.apache.hadoop_hadoop-client-api-3.3.1.jar
24/09/14 04:41:03 INFO SparkContext: Added file file:///opt/bitnami/spark/.ivy2/jars/org.apache.htrace_htrace-core4-4.1.0-incubating.jar at file:///opt/bitnami/spark/.ivy2/jars/org.apache.htrace_htrace-core4-4.1.0-incubating.jar with timestamp 1726288860630
24/09/14 04:41:03 INFO Utils: Copying /opt/bitnami/spark/.ivy2/jars/org.apache.htrace_htrace-core4-4.1.0-incubating.jar to /tmp/spark-6bb99060-0589-43fe-b415-52f5b076315d/userFiles-d9903c8e-1ccc-4a59-8cba-f8f7ee5cf07a/org.apache.htrace_htrace-core4-4.1.0-incubating.jar
24/09/14 04:41:03 INFO SparkContext: Added file file:///opt/bitnami/spark/.ivy2/jars/commons-logging_commons-logging-1.1.3.jar at file:///opt/bitnami/spark/.ivy2/jars/commons-logging_commons-logging-1.1.3.jar with timestamp 1726288860630
24/09/14 04:41:03 INFO Utils: Copying /opt/bitnami/spark/.ivy2/jars/commons-logging_commons-logging-1.1.3.jar to /tmp/spark-6bb99060-0589-43fe-b415-52f5b076315d/userFiles-d9903c8e-1ccc-4a59-8cba-f8f7ee5cf07a/commons-logging_commons-logging-1.1.3.jar
24/09/14 04:41:03 INFO Executor: Starting executor ID driver on host cea0d5d05998
24/09/14 04:41:03 INFO Executor: Fetching file:///opt/bitnami/spark/.ivy2/jars/org.apache.spark_spark-token-provider-kafka-0-10_2.12-3.2.1.jar with timestamp 1726288860630
24/09/14 04:41:03 INFO Utils: /opt/bitnami/spark/.ivy2/jars/org.apache.spark_spark-token-provider-kafka-0-10_2.12-3.2.1.jar has been previously copied to /tmp/spark-6bb99060-0589-43fe-b415-52f5b076315d/userFiles-d9903c8e-1ccc-4a59-8cba-f8f7ee5cf07a/org.apache.spark_spark-token-provider-kafka-0-10_2.12-3.2.1.jar
24/09/14 04:41:04 INFO Executor: Fetching file:///opt/bitnami/spark/.ivy2/jars/commons-logging_commons-logging-1.1.3.jar with timestamp 1726288860630
24/09/14 04:41:04 INFO Utils: /opt/bitnami/spark/.ivy2/jars/commons-logging_commons-logging-1.1.3.jar has been previously copied to /tmp/spark-6bb99060-0589-43fe-b415-52f5b076315d/userFiles-d9903c8e-1ccc-4a59-8cba-f8f7ee5cf07a/commons-logging_commons-logging-1.1.3.jar
24/09/14 04:41:04 INFO Executor: Fetching file:///opt/bitnami/spark/.ivy2/jars/org.apache.kafka_kafka-clients-2.8.0.jar with timestamp 1726288860630
24/09/14 04:41:04 INFO Utils: /opt/bitnami/spark/.ivy2/jars/org.apache.kafka_kafka-clients-2.8.0.jar has been previously copied to /tmp/spark-6bb99060-0589-43fe-b415-52f5b076315d/userFiles-d9903c8e-1ccc-4a59-8cba-f8f7ee5cf07a/org.apache.kafka_kafka-clients-2.8.0.jar
24/09/14 04:41:04 INFO Executor: Fetching file:///opt/bitnami/spark/.ivy2/jars/org.apache.spark_spark-sql-kafka-0-10_2.12-3.2.1.jar with timestamp 1726288860630
24/09/14 04:41:04 INFO Utils: /opt/bitnami/spark/.ivy2/jars/org.apache.spark_spark-sql-kafka-0-10_2.12-3.2.1.jar has been previously copied to /tmp/spark-6bb99060-0589-43fe-b415-52f5b076315d/userFiles-d9903c8e-1ccc-4a59-8cba-f8f7ee5cf07a/org.apache.spark_spark-sql-kafka-0-10_2.12-3.2.1.jar
24/09/14 04:41:04 INFO Executor: Fetching file:///opt/bitnami/spark/.ivy2/jars/org.apache.hadoop_hadoop-client-api-3.3.1.jar with timestamp 1726288860630
24/09/14 04:41:04 INFO Utils: /opt/bitnami/spark/.ivy2/jars/org.apache.hadoop_hadoop-client-api-3.3.1.jar has been previously copied to /tmp/spark-6bb99060-0589-43fe-b415-52f5b076315d/userFiles-d9903c8e-1ccc-4a59-8cba-f8f7ee5cf07a/org.apache.hadoop_hadoop-client-api-3.3.1.jar
24/09/14 04:41:04 INFO Executor: Fetching file:///opt/bitnami/spark/.ivy2/jars/com.google.code.findbugs_jsr305-3.0.0.jar with timestamp 1726288860630
24/09/14 04:41:04 INFO Utils: /opt/bitnami/spark/.ivy2/jars/com.google.code.findbugs_jsr305-3.0.0.jar has been previously copied to /tmp/spark-6bb99060-0589-43fe-b415-52f5b076315d/userFiles-d9903c8e-1ccc-4a59-8cba-f8f7ee5cf07a/com.google.code.findbugs_jsr305-3.0.0.jar
24/09/14 04:41:04 INFO Executor: Fetching file:///opt/bitnami/spark/.ivy2/jars/org.apache.htrace_htrace-core4-4.1.0-incubating.jar with timestamp 1726288860630
24/09/14 04:41:04 INFO Utils: /opt/bitnami/spark/.ivy2/jars/org.apache.htrace_htrace-core4-4.1.0-incubating.jar has been previously copied to /tmp/spark-6bb99060-0589-43fe-b415-52f5b076315d/userFiles-d9903c8e-1ccc-4a59-8cba-f8f7ee5cf07a/org.apache.htrace_htrace-core4-4.1.0-incubating.jar
24/09/14 04:41:04 INFO Executor: Fetching file:///opt/bitnami/spark/.ivy2/jars/org.xerial.snappy_snappy-java-1.1.8.4.jar with timestamp 1726288860630
24/09/14 04:41:04 INFO Utils: /opt/bitnami/spark/.ivy2/jars/org.xerial.snappy_snappy-java-1.1.8.4.jar has been previously copied to /tmp/spark-6bb99060-0589-43fe-b415-52f5b076315d/userFiles-d9903c8e-1ccc-4a59-8cba-f8f7ee5cf07a/org.xerial.snappy_snappy-java-1.1.8.4.jar
24/09/14 04:41:04 INFO Executor: Fetching file:///opt/bitnami/spark/.ivy2/jars/org.apache.commons_commons-pool2-2.6.2.jar with timestamp 1726288860630
24/09/14 04:41:04 INFO Utils: /opt/bitnami/spark/.ivy2/jars/org.apache.commons_commons-pool2-2.6.2.jar has been previously copied to /tmp/spark-6bb99060-0589-43fe-b415-52f5b076315d/userFiles-d9903c8e-1ccc-4a59-8cba-f8f7ee5cf07a/org.apache.commons_commons-pool2-2.6.2.jar
24/09/14 04:41:04 INFO Executor: Fetching file:///opt/bitnami/spark/.ivy2/jars/org.spark-project.spark_unused-1.0.0.jar with timestamp 1726288860630
24/09/14 04:41:04 INFO Utils: /opt/bitnami/spark/.ivy2/jars/org.spark-project.spark_unused-1.0.0.jar has been previously copied to /tmp/spark-6bb99060-0589-43fe-b415-52f5b076315d/userFiles-d9903c8e-1ccc-4a59-8cba-f8f7ee5cf07a/org.spark-project.spark_unused-1.0.0.jar
24/09/14 04:41:04 INFO Executor: Fetching file:///opt/bitnami/spark/.ivy2/jars/org.slf4j_slf4j-api-1.7.30.jar with timestamp 1726288860630
24/09/14 04:41:04 INFO Utils: /opt/bitnami/spark/.ivy2/jars/org.slf4j_slf4j-api-1.7.30.jar has been previously copied to /tmp/spark-6bb99060-0589-43fe-b415-52f5b076315d/userFiles-d9903c8e-1ccc-4a59-8cba-f8f7ee5cf07a/org.slf4j_slf4j-api-1.7.30.jar
24/09/14 04:41:04 INFO Executor: Fetching file:///opt/bitnami/spark/.ivy2/jars/org.lz4_lz4-java-1.7.1.jar with timestamp 1726288860630
24/09/14 04:41:04 INFO Utils: /opt/bitnami/spark/.ivy2/jars/org.lz4_lz4-java-1.7.1.jar has been previously copied to /tmp/spark-6bb99060-0589-43fe-b415-52f5b076315d/userFiles-d9903c8e-1ccc-4a59-8cba-f8f7ee5cf07a/org.lz4_lz4-java-1.7.1.jar
24/09/14 04:41:04 INFO Executor: Fetching file:///opt/bitnami/spark/.ivy2/jars/org.apache.hadoop_hadoop-client-runtime-3.3.1.jar with timestamp 1726288860630
24/09/14 04:41:04 INFO Utils: /opt/bitnami/spark/.ivy2/jars/org.apache.hadoop_hadoop-client-runtime-3.3.1.jar has been previously copied to /tmp/spark-6bb99060-0589-43fe-b415-52f5b076315d/userFiles-d9903c8e-1ccc-4a59-8cba-f8f7ee5cf07a/org.apache.hadoop_hadoop-client-runtime-3.3.1.jar
24/09/14 04:41:04 INFO Executor: Fetching spark://cea0d5d05998:38925/jars/org.apache.spark_spark-token-provider-kafka-0-10_2.12-3.2.1.jar with timestamp 1726288860630
24/09/14 04:41:04 INFO TransportClientFactory: Successfully created connection to cea0d5d05998/172.18.0.3:38925 after 102 ms (0 ms spent in bootstraps)
24/09/14 04:41:04 INFO Utils: Fetching spark://cea0d5d05998:38925/jars/org.apache.spark_spark-token-provider-kafka-0-10_2.12-3.2.1.jar to /tmp/spark-6bb99060-0589-43fe-b415-52f5b076315d/userFiles-d9903c8e-1ccc-4a59-8cba-f8f7ee5cf07a/fetchFileTemp5356016693709811766.tmp
24/09/14 04:41:04 INFO Utils: /tmp/spark-6bb99060-0589-43fe-b415-52f5b076315d/userFiles-d9903c8e-1ccc-4a59-8cba-f8f7ee5cf07a/fetchFileTemp5356016693709811766.tmp has been previously copied to /tmp/spark-6bb99060-0589-43fe-b415-52f5b076315d/userFiles-d9903c8e-1ccc-4a59-8cba-f8f7ee5cf07a/org.apache.spark_spark-token-provider-kafka-0-10_2.12-3.2.1.jar
24/09/14 04:41:04 INFO Executor: Adding file:/tmp/spark-6bb99060-0589-43fe-b415-52f5b076315d/userFiles-d9903c8e-1ccc-4a59-8cba-f8f7ee5cf07a/org.apache.spark_spark-token-provider-kafka-0-10_2.12-3.2.1.jar to class loader
24/09/14 04:41:04 INFO Executor: Fetching spark://cea0d5d05998:38925/jars/org.xerial.snappy_snappy-java-1.1.8.4.jar with timestamp 1726288860630
24/09/14 04:41:04 INFO Utils: Fetching spark://cea0d5d05998:38925/jars/org.xerial.snappy_snappy-java-1.1.8.4.jar to /tmp/spark-6bb99060-0589-43fe-b415-52f5b076315d/userFiles-d9903c8e-1ccc-4a59-8cba-f8f7ee5cf07a/fetchFileTemp7986322048679741405.tmp
24/09/14 04:41:04 INFO Utils: /tmp/spark-6bb99060-0589-43fe-b415-52f5b076315d/userFiles-d9903c8e-1ccc-4a59-8cba-f8f7ee5cf07a/fetchFileTemp7986322048679741405.tmp has been previously copied to /tmp/spark-6bb99060-0589-43fe-b415-52f5b076315d/userFiles-d9903c8e-1ccc-4a59-8cba-f8f7ee5cf07a/org.xerial.snappy_snappy-java-1.1.8.4.jar
24/09/14 04:41:04 INFO Executor: Adding file:/tmp/spark-6bb99060-0589-43fe-b415-52f5b076315d/userFiles-d9903c8e-1ccc-4a59-8cba-f8f7ee5cf07a/org.xerial.snappy_snappy-java-1.1.8.4.jar to class loader
24/09/14 04:41:04 INFO Executor: Fetching spark://cea0d5d05998:38925/jars/org.spark-project.spark_unused-1.0.0.jar with timestamp 1726288860630
24/09/14 04:41:04 INFO Utils: Fetching spark://cea0d5d05998:38925/jars/org.spark-project.spark_unused-1.0.0.jar to /tmp/spark-6bb99060-0589-43fe-b415-52f5b076315d/userFiles-d9903c8e-1ccc-4a59-8cba-f8f7ee5cf07a/fetchFileTemp7934828747794918187.tmp
24/09/14 04:41:04 INFO Utils: /tmp/spark-6bb99060-0589-43fe-b415-52f5b076315d/userFiles-d9903c8e-1ccc-4a59-8cba-f8f7ee5cf07a/fetchFileTemp7934828747794918187.tmp has been previously copied to /tmp/spark-6bb99060-0589-43fe-b415-52f5b076315d/userFiles-d9903c8e-1ccc-4a59-8cba-f8f7ee5cf07a/org.spark-project.spark_unused-1.0.0.jar
24/09/14 04:41:04 INFO Executor: Adding file:/tmp/spark-6bb99060-0589-43fe-b415-52f5b076315d/userFiles-d9903c8e-1ccc-4a59-8cba-f8f7ee5cf07a/org.spark-project.spark_unused-1.0.0.jar to class loader
24/09/14 04:41:04 INFO Executor: Fetching spark://cea0d5d05998:38925/jars/org.lz4_lz4-java-1.7.1.jar with timestamp 1726288860630
24/09/14 04:41:04 INFO Utils: Fetching spark://cea0d5d05998:38925/jars/org.lz4_lz4-java-1.7.1.jar to /tmp/spark-6bb99060-0589-43fe-b415-52f5b076315d/userFiles-d9903c8e-1ccc-4a59-8cba-f8f7ee5cf07a/fetchFileTemp1261424681501843661.tmp
24/09/14 04:41:04 INFO Utils: /tmp/spark-6bb99060-0589-43fe-b415-52f5b076315d/userFiles-d9903c8e-1ccc-4a59-8cba-f8f7ee5cf07a/fetchFileTemp1261424681501843661.tmp has been previously copied to /tmp/spark-6bb99060-0589-43fe-b415-52f5b076315d/userFiles-d9903c8e-1ccc-4a59-8cba-f8f7ee5cf07a/org.lz4_lz4-java-1.7.1.jar
24/09/14 04:41:04 INFO Executor: Adding file:/tmp/spark-6bb99060-0589-43fe-b415-52f5b076315d/userFiles-d9903c8e-1ccc-4a59-8cba-f8f7ee5cf07a/org.lz4_lz4-java-1.7.1.jar to class loader
24/09/14 04:41:04 INFO Executor: Fetching spark://cea0d5d05998:38925/jars/org.apache.spark_spark-sql-kafka-0-10_2.12-3.2.1.jar with timestamp 1726288860630
24/09/14 04:41:04 INFO Utils: Fetching spark://cea0d5d05998:38925/jars/org.apache.spark_spark-sql-kafka-0-10_2.12-3.2.1.jar to /tmp/spark-6bb99060-0589-43fe-b415-52f5b076315d/userFiles-d9903c8e-1ccc-4a59-8cba-f8f7ee5cf07a/fetchFileTemp6321533629652757443.tmp
24/09/14 04:41:04 INFO Utils: /tmp/spark-6bb99060-0589-43fe-b415-52f5b076315d/userFiles-d9903c8e-1ccc-4a59-8cba-f8f7ee5cf07a/fetchFileTemp6321533629652757443.tmp has been previously copied to /tmp/spark-6bb99060-0589-43fe-b415-52f5b076315d/userFiles-d9903c8e-1ccc-4a59-8cba-f8f7ee5cf07a/org.apache.spark_spark-sql-kafka-0-10_2.12-3.2.1.jar
24/09/14 04:41:04 INFO Executor: Adding file:/tmp/spark-6bb99060-0589-43fe-b415-52f5b076315d/userFiles-d9903c8e-1ccc-4a59-8cba-f8f7ee5cf07a/org.apache.spark_spark-sql-kafka-0-10_2.12-3.2.1.jar to class loader
24/09/14 04:41:04 INFO Executor: Fetching spark://cea0d5d05998:38925/jars/org.apache.commons_commons-pool2-2.6.2.jar with timestamp 1726288860630
24/09/14 04:41:04 INFO Utils: Fetching spark://cea0d5d05998:38925/jars/org.apache.commons_commons-pool2-2.6.2.jar to /tmp/spark-6bb99060-0589-43fe-b415-52f5b076315d/userFiles-d9903c8e-1ccc-4a59-8cba-f8f7ee5cf07a/fetchFileTemp7316595631267836655.tmp
24/09/14 04:41:04 INFO Utils: /tmp/spark-6bb99060-0589-43fe-b415-52f5b076315d/userFiles-d9903c8e-1ccc-4a59-8cba-f8f7ee5cf07a/fetchFileTemp7316595631267836655.tmp has been previously copied to /tmp/spark-6bb99060-0589-43fe-b415-52f5b076315d/userFiles-d9903c8e-1ccc-4a59-8cba-f8f7ee5cf07a/org.apache.commons_commons-pool2-2.6.2.jar
24/09/14 04:41:05 INFO Executor: Adding file:/tmp/spark-6bb99060-0589-43fe-b415-52f5b076315d/userFiles-d9903c8e-1ccc-4a59-8cba-f8f7ee5cf07a/org.apache.commons_commons-pool2-2.6.2.jar to class loader
24/09/14 04:41:05 INFO Executor: Fetching spark://cea0d5d05998:38925/jars/commons-logging_commons-logging-1.1.3.jar with timestamp 1726288860630
24/09/14 04:41:05 INFO Utils: Fetching spark://cea0d5d05998:38925/jars/commons-logging_commons-logging-1.1.3.jar to /tmp/spark-6bb99060-0589-43fe-b415-52f5b076315d/userFiles-d9903c8e-1ccc-4a59-8cba-f8f7ee5cf07a/fetchFileTemp8496997244132434261.tmp
24/09/14 04:41:05 INFO Utils: /tmp/spark-6bb99060-0589-43fe-b415-52f5b076315d/userFiles-d9903c8e-1ccc-4a59-8cba-f8f7ee5cf07a/fetchFileTemp8496997244132434261.tmp has been previously copied to /tmp/spark-6bb99060-0589-43fe-b415-52f5b076315d/userFiles-d9903c8e-1ccc-4a59-8cba-f8f7ee5cf07a/commons-logging_commons-logging-1.1.3.jar
24/09/14 04:41:05 INFO Executor: Adding file:/tmp/spark-6bb99060-0589-43fe-b415-52f5b076315d/userFiles-d9903c8e-1ccc-4a59-8cba-f8f7ee5cf07a/commons-logging_commons-logging-1.1.3.jar to class loader
24/09/14 04:41:05 INFO Executor: Fetching spark://cea0d5d05998:38925/jars/org.apache.kafka_kafka-clients-2.8.0.jar with timestamp 1726288860630
24/09/14 04:41:05 INFO Utils: Fetching spark://cea0d5d05998:38925/jars/org.apache.kafka_kafka-clients-2.8.0.jar to /tmp/spark-6bb99060-0589-43fe-b415-52f5b076315d/userFiles-d9903c8e-1ccc-4a59-8cba-f8f7ee5cf07a/fetchFileTemp1132899498490469936.tmp
24/09/14 04:41:05 INFO Utils: /tmp/spark-6bb99060-0589-43fe-b415-52f5b076315d/userFiles-d9903c8e-1ccc-4a59-8cba-f8f7ee5cf07a/fetchFileTemp1132899498490469936.tmp has been previously copied to /tmp/spark-6bb99060-0589-43fe-b415-52f5b076315d/userFiles-d9903c8e-1ccc-4a59-8cba-f8f7ee5cf07a/org.apache.kafka_kafka-clients-2.8.0.jar
24/09/14 04:41:05 INFO Executor: Adding file:/tmp/spark-6bb99060-0589-43fe-b415-52f5b076315d/userFiles-d9903c8e-1ccc-4a59-8cba-f8f7ee5cf07a/org.apache.kafka_kafka-clients-2.8.0.jar to class loader
24/09/14 04:41:05 INFO Executor: Fetching spark://cea0d5d05998:38925/jars/org.slf4j_slf4j-api-1.7.30.jar with timestamp 1726288860630
24/09/14 04:41:05 INFO Utils: Fetching spark://cea0d5d05998:38925/jars/org.slf4j_slf4j-api-1.7.30.jar to /tmp/spark-6bb99060-0589-43fe-b415-52f5b076315d/userFiles-d9903c8e-1ccc-4a59-8cba-f8f7ee5cf07a/fetchFileTemp1104612913545922390.tmp
24/09/14 04:41:05 INFO Utils: /tmp/spark-6bb99060-0589-43fe-b415-52f5b076315d/userFiles-d9903c8e-1ccc-4a59-8cba-f8f7ee5cf07a/fetchFileTemp1104612913545922390.tmp has been previously copied to /tmp/spark-6bb99060-0589-43fe-b415-52f5b076315d/userFiles-d9903c8e-1ccc-4a59-8cba-f8f7ee5cf07a/org.slf4j_slf4j-api-1.7.30.jar
24/09/14 04:41:05 INFO Executor: Adding file:/tmp/spark-6bb99060-0589-43fe-b415-52f5b076315d/userFiles-d9903c8e-1ccc-4a59-8cba-f8f7ee5cf07a/org.slf4j_slf4j-api-1.7.30.jar to class loader
24/09/14 04:41:05 INFO Executor: Fetching spark://cea0d5d05998:38925/jars/org.apache.hadoop_hadoop-client-api-3.3.1.jar with timestamp 1726288860630
24/09/14 04:41:05 INFO Utils: Fetching spark://cea0d5d05998:38925/jars/org.apache.hadoop_hadoop-client-api-3.3.1.jar to /tmp/spark-6bb99060-0589-43fe-b415-52f5b076315d/userFiles-d9903c8e-1ccc-4a59-8cba-f8f7ee5cf07a/fetchFileTemp9055011994665190411.tmp
24/09/14 04:41:05 INFO Utils: /tmp/spark-6bb99060-0589-43fe-b415-52f5b076315d/userFiles-d9903c8e-1ccc-4a59-8cba-f8f7ee5cf07a/fetchFileTemp9055011994665190411.tmp has been previously copied to /tmp/spark-6bb99060-0589-43fe-b415-52f5b076315d/userFiles-d9903c8e-1ccc-4a59-8cba-f8f7ee5cf07a/org.apache.hadoop_hadoop-client-api-3.3.1.jar
24/09/14 04:41:05 INFO Executor: Adding file:/tmp/spark-6bb99060-0589-43fe-b415-52f5b076315d/userFiles-d9903c8e-1ccc-4a59-8cba-f8f7ee5cf07a/org.apache.hadoop_hadoop-client-api-3.3.1.jar to class loader
24/09/14 04:41:05 INFO Executor: Fetching spark://cea0d5d05998:38925/jars/org.apache.htrace_htrace-core4-4.1.0-incubating.jar with timestamp 1726288860630
24/09/14 04:41:05 INFO Utils: Fetching spark://cea0d5d05998:38925/jars/org.apache.htrace_htrace-core4-4.1.0-incubating.jar to /tmp/spark-6bb99060-0589-43fe-b415-52f5b076315d/userFiles-d9903c8e-1ccc-4a59-8cba-f8f7ee5cf07a/fetchFileTemp6321775475123782749.tmp
24/09/14 04:41:05 INFO Utils: /tmp/spark-6bb99060-0589-43fe-b415-52f5b076315d/userFiles-d9903c8e-1ccc-4a59-8cba-f8f7ee5cf07a/fetchFileTemp6321775475123782749.tmp has been previously copied to /tmp/spark-6bb99060-0589-43fe-b415-52f5b076315d/userFiles-d9903c8e-1ccc-4a59-8cba-f8f7ee5cf07a/org.apache.htrace_htrace-core4-4.1.0-incubating.jar
24/09/14 04:41:05 INFO Executor: Adding file:/tmp/spark-6bb99060-0589-43fe-b415-52f5b076315d/userFiles-d9903c8e-1ccc-4a59-8cba-f8f7ee5cf07a/org.apache.htrace_htrace-core4-4.1.0-incubating.jar to class loader
24/09/14 04:41:05 INFO Executor: Fetching spark://cea0d5d05998:38925/jars/org.apache.hadoop_hadoop-client-runtime-3.3.1.jar with timestamp 1726288860630
24/09/14 04:41:05 INFO Utils: Fetching spark://cea0d5d05998:38925/jars/org.apache.hadoop_hadoop-client-runtime-3.3.1.jar to /tmp/spark-6bb99060-0589-43fe-b415-52f5b076315d/userFiles-d9903c8e-1ccc-4a59-8cba-f8f7ee5cf07a/fetchFileTemp7939457137599822465.tmp
24/09/14 04:41:05 INFO Utils: /tmp/spark-6bb99060-0589-43fe-b415-52f5b076315d/userFiles-d9903c8e-1ccc-4a59-8cba-f8f7ee5cf07a/fetchFileTemp7939457137599822465.tmp has been previously copied to /tmp/spark-6bb99060-0589-43fe-b415-52f5b076315d/userFiles-d9903c8e-1ccc-4a59-8cba-f8f7ee5cf07a/org.apache.hadoop_hadoop-client-runtime-3.3.1.jar
24/09/14 04:41:05 INFO Executor: Adding file:/tmp/spark-6bb99060-0589-43fe-b415-52f5b076315d/userFiles-d9903c8e-1ccc-4a59-8cba-f8f7ee5cf07a/org.apache.hadoop_hadoop-client-runtime-3.3.1.jar to class loader
24/09/14 04:41:05 INFO Executor: Fetching spark://cea0d5d05998:38925/jars/com.google.code.findbugs_jsr305-3.0.0.jar with timestamp 1726288860630
24/09/14 04:41:05 INFO Utils: Fetching spark://cea0d5d05998:38925/jars/com.google.code.findbugs_jsr305-3.0.0.jar to /tmp/spark-6bb99060-0589-43fe-b415-52f5b076315d/userFiles-d9903c8e-1ccc-4a59-8cba-f8f7ee5cf07a/fetchFileTemp5925839588774834437.tmp
24/09/14 04:41:05 INFO Utils: /tmp/spark-6bb99060-0589-43fe-b415-52f5b076315d/userFiles-d9903c8e-1ccc-4a59-8cba-f8f7ee5cf07a/fetchFileTemp5925839588774834437.tmp has been previously copied to /tmp/spark-6bb99060-0589-43fe-b415-52f5b076315d/userFiles-d9903c8e-1ccc-4a59-8cba-f8f7ee5cf07a/com.google.code.findbugs_jsr305-3.0.0.jar
24/09/14 04:41:05 INFO Executor: Adding file:/tmp/spark-6bb99060-0589-43fe-b415-52f5b076315d/userFiles-d9903c8e-1ccc-4a59-8cba-f8f7ee5cf07a/com.google.code.findbugs_jsr305-3.0.0.jar to class loader
24/09/14 04:41:05 INFO Utils: Successfully started service 'org.apache.spark.network.netty.NettyBlockTransferService' on port 41937.
24/09/14 04:41:05 INFO NettyBlockTransferService: Server created on cea0d5d05998:41937
24/09/14 04:41:05 INFO BlockManager: Using org.apache.spark.storage.RandomBlockReplicationPolicy for block replication policy
24/09/14 04:41:05 INFO BlockManagerMaster: Registering BlockManager BlockManagerId(driver, cea0d5d05998, 41937, None)
24/09/14 04:41:05 INFO BlockManagerMasterEndpoint: Registering block manager cea0d5d05998:41937 with 366.3 MiB RAM, BlockManagerId(driver, cea0d5d05998, 41937, None)
24/09/14 04:41:05 INFO BlockManagerMaster: Registered BlockManager BlockManagerId(driver, cea0d5d05998, 41937, None)
24/09/14 04:41:05 INFO BlockManager: Initialized BlockManager: BlockManagerId(driver, cea0d5d05998, 41937, None)
24/09/14 04:41:06 INFO SharedState: Setting hive.metastore.warehouse.dir ('null') to the value of spark.sql.warehouse.dir.
24/09/14 04:41:06 INFO SharedState: Warehouse path is 'file:/opt/bitnami/spark/spark-warehouse'.
24/09/14 04:41:14 WARN ResolveWriteToStream: Temporary checkpoint location created which is deleted normally when the query didn't fail: /tmp/temporary-e9ee0594-496a-40c3-adb9-a9a99a4b9cdb. If it's required to delete it under any circumstances, please set spark.sql.streaming.forceDeleteTempCheckpointLocation to true. Important to know deleting temp checkpoint folder is best effort.
24/09/14 04:41:14 WARN ResolveWriteToStream: spark.sql.adaptive.enabled is not supported in streaming DataFrames/Datasets and will be disabled.
-------------------------------------------
Batch: 0
-------------------------------------------
+--------------------+-----+
|            customer|score|
+--------------------+-----+
|Neeraj.Ahmed@test...| -0.5|
|Craig.Jones@test.com|-17.5|
|Jacob.Doshi@test.com|-36.5|
|Edward.Jefferson@...|  3.0|
|Jane.Spencer@test...|-11.0|
|David.Phillips@te...| -4.0|
| Sean.Jones@test.com| -5.5|
|Jacob.Anandh@test...| -3.5|
|Spencer.Clark@tes...| -1.5|
|Bobby.Fibonnaci@t...| -1.5|
|Jerry.Jackson@tes...| -4.0|
|Bobby.Phillips@te...| -3.0|
|Bobby.Sanchez@tes...| -2.0|
|Jason.Habschied@t...| -3.0|
|Danny.Howard@test...| -6.0|
|Spencer.Howard@te...| 14.0|
| Chris.Huey@test.com| 32.0|
|Trevor.Jefferson@...|-13.5|
|Eric.Jackson@test...| 13.0|
|  Trevor.Wu@test.com| 24.5|
+--------------------+-----+
only showing top 20 rows

-------------------------------------------
Batch: 1
-------------------------------------------
+--------------------+-----+
|            customer|score|
+--------------------+-----+
|Trevor.Jefferson@...| -0.5|
|Eric.Jackson@test...|-12.0|
+--------------------+-----+

-------------------------------------------
Batch: 2
-------------------------------------------
+------------------+-----+
|          customer|score|
+------------------+-----+
|Trevor.Wu@test.com| -3.0|
+------------------+-----+

-------------------------------------------
Batch: 3
-------------------------------------------
+------------------+-----+
|          customer|score|
+------------------+-----+
|Dan.Abram@test.com|-13.5|
+------------------+-----+

-------------------------------------------
Batch: 4
-------------------------------------------
+------------------+-----+
|          customer|score|
+------------------+-----+
|Ben.Ahmed@test.com|-12.5|
+------------------+-----+

-------------------------------------------
Batch: 5
-------------------------------------------
+--------------------+-----+
|            customer|score|
+--------------------+-----+
|Neeraj.Clark@test...| -3.5|
+--------------------+-----+

-------------------------------------------
Batch: 6
-------------------------------------------
+-------------------+-----+
|           customer|score|
+-------------------+-----+
|Lyn.Howard@test.com|  1.5|
+-------------------+-----+

-------------------------------------------
Batch: 7
-------------------------------------------
+--------------------+-----+
|            customer|score|
+--------------------+-----+
|Neeraj.Ahmed@test...|  9.0|
+--------------------+-----+

-------------------------------------------
Batch: 8
-------------------------------------------
+--------------------+-----+
|            customer|score|
+--------------------+-----+
|Craig.Jones@test.com| 26.0|
+--------------------+-----+

-------------------------------------------
Batch: 9
-------------------------------------------
+--------------------+-----+
|            customer|score|
+--------------------+-----+
|Jacob.Doshi@test.com|-17.0|
+--------------------+-----+

-------------------------------------------
Batch: 10
-------------------------------------------
+--------------------+-----+
|            customer|score|
+--------------------+-----+
|Edward.Jefferson@...|-23.5|
+--------------------+-----+

-------------------------------------------
Batch: 11
-------------------------------------------
+--------------------+-----+
|            customer|score|
+--------------------+-----+
|Jane.Spencer@test...| -2.5|
+--------------------+-----+

-------------------------------------------
Batch: 12
-------------------------------------------
+--------------------+-----+
|            customer|score|
+--------------------+-----+
|David.Phillips@te...| -4.5|
+--------------------+-----+

-------------------------------------------
Batch: 13
-------------------------------------------
+-------------------+-----+
|           customer|score|
+-------------------+-----+
|Sean.Jones@test.com| -5.0|
+-------------------+-----+

-------------------------------------------
Batch: 14
-------------------------------------------
+--------------------+-----+
|            customer|score|
+--------------------+-----+
|Jacob.Anandh@test...| -2.5|
+--------------------+-----+

-------------------------------------------
Batch: 15
-------------------------------------------
+--------------------+-----+
|            customer|score|
+--------------------+-----+
|Spencer.Clark@tes...| -4.0|
+--------------------+-----+

-------------------------------------------
Batch: 16
-------------------------------------------
+--------------------+-----+
|            customer|score|
+--------------------+-----+
|Bobby.Fibonnaci@t...| -1.5|
+--------------------+-----+

-------------------------------------------
Batch: 17
-------------------------------------------
+--------------------+-----+
|            customer|score|
+--------------------+-----+
|Jerry.Jackson@tes...| -4.5|
+--------------------+-----+

-------------------------------------------
Batch: 18
-------------------------------------------
+--------------------+-----+
|            customer|score|
+--------------------+-----+
|Bobby.Phillips@te...| -3.5|
+--------------------+-----+

-------------------------------------------
Batch: 19
-------------------------------------------
+--------------------+-----+
|            customer|score|
+--------------------+-----+
|Bobby.Sanchez@tes...| -3.0|
+--------------------+-----+

-------------------------------------------
Batch: 20
-------------------------------------------
+--------------------+-----+
|            customer|score|
+--------------------+-----+
|Jason.Habschied@t...| -1.5|
+--------------------+-----+

-------------------------------------------
Batch: 21
-------------------------------------------
+--------------------+-----+
|            customer|score|
+--------------------+-----+
|Danny.Howard@test...| -7.0|
+--------------------+-----+

-------------------------------------------
Batch: 22
-------------------------------------------
+--------------------+-----+
|            customer|score|
+--------------------+-----+
|Spencer.Howard@te...|  0.5|
+--------------------+-----+

-------------------------------------------
Batch: 23
-------------------------------------------
+-------------------+-----+
|           customer|score|
+-------------------+-----+
|Chris.Huey@test.com|  1.0|
+-------------------+-----+

-------------------------------------------
Batch: 24
-------------------------------------------
+--------------------+-----+
|            customer|score|
+--------------------+-----+
|Trevor.Jefferson@...| 11.5|
+--------------------+-----+

^CERROR:root:Exception while sending command.
Traceback (most recent call last):
  File "/opt/bitnami/spark/python/lib/py4j-0.10.9.3-src.zip/py4j/clientserver.py", line 475, in send_command
    answer = smart_decode(self.stream.readline()[:-1])
RuntimeError: reentrant call inside <_io.BufferedReader name=3>

During handling of the above exception, another exception occurred:

Traceback (most recent call last):
  File "/opt/bitnami/spark/python/lib/py4j-0.10.9.3-src.zip/py4j/java_gateway.py", line 1038, in send_command
    response = connection.send_command(command)
  File "/opt/bitnami/spark/python/lib/py4j-0.10.9.3-src.zip/py4j/clientserver.py", line 503, in send_command
    raise Py4JNetworkError(
py4j.protocol.Py4JNetworkError: Error while sending or receiving
ERROR:root:Exception while sending command.
Traceback (most recent call last):
  File "/opt/bitnami/spark/python/lib/py4j-0.10.9.3-src.zip/py4j/clientserver.py", line 475, in send_command
    answer = smart_decode(self.stream.readline()[:-1])
  File "/opt/bitnami/python/lib/python3.8/socket.py", line 669, in readinto
    return self._sock.recv_into(b)
  File "/opt/bitnami/spark/python/lib/pyspark.zip/pyspark/context.py", line 292, in signal_handler
    self.cancelAllJobs()
  File "/opt/bitnami/spark/python/lib/pyspark.zip/pyspark/context.py", line 1195, in cancelAllJobs
    self._jsc.sc().cancelAllJobs()
  File "/opt/bitnami/spark/python/lib/py4j-0.10.9.3-src.zip/py4j/java_gateway.py", line 1321, in __call__
    return_value = get_return_value(
  File "/opt/bitnami/spark/python/lib/pyspark.zip/pyspark/sql/utils.py", line 111, in deco
    return f(*a, **kw)
  File "/opt/bitnami/spark/python/lib/py4j-0.10.9.3-src.zip/py4j/protocol.py", line 334, in get_return_value
    raise Py4JError(
py4j.protocol.Py4JError: An error occurred while calling o14.sc

During handling of the above exception, another exception occurred:

Traceback (most recent call last):
  File "/opt/bitnami/spark/python/lib/py4j-0.10.9.3-src.zip/py4j/java_gateway.py", line 1038, in send_command
    response = connection.send_command(command)
  File "/opt/bitnami/spark/python/lib/py4j-0.10.9.3-src.zip/py4j/clientserver.py", line 503, in send_command
    raise Py4JNetworkError(
py4j.protocol.Py4JNetworkError: Error while sending or receiving
Traceback (most recent call last):
  File "/home/workspace/project/starter/sparkpyeventskafkastreamtoconsole.py", line 61, in <module>
    customer_risk_df \
  File "/opt/bitnami/spark/python/lib/pyspark.zip/pyspark/sql/streaming.py", line 101, in awaitTermination
  File "/opt/bitnami/spark/python/lib/py4j-0.10.9.3-src.zip/py4j/java_gateway.py", line 1321, in __call__
  File "/opt/bitnami/spark/python/lib/pyspark.zip/pyspark/sql/utils.py", line 111, in deco
  File "/opt/bitnami/spark/python/lib/py4j-0.10.9.3-src.zip/py4j/protocol.py", line 334, in get_return_value
py4j.protocol.Py4JError: An error occurred while calling o49.awaitTermination
24/09/14 04:42:12 ERROR WriteToDataSourceV2Exec: Data source write support org.apache.spark.sql.execution.streaming.sources.MicroBatchWrite@7dcfced is aborting.
24/09/14 04:42:12 ERROR WriteToDataSourceV2Exec: Data source write support org.apache.spark.sql.execution.streaming.sources.MicroBatchWrite@7dcfced aborted.
24/09/14 04:42:12 ERROR MicroBatchExecution: Query [id = 0737e614-a975-48fe-8f35-8a65b2f874b3, runId = 9fc37d46-8ffe-4b5f-a94a-d32c17354d3f] terminated with error
org.apache.spark.SparkException: Writing job aborted
	at org.apache.spark.sql.errors.QueryExecutionErrors$.writingJobAbortedError(QueryExecutionErrors.scala:613)
	at org.apache.spark.sql.execution.datasources.v2.V2TableWriteExec.writeWithV2(WriteToDataSourceV2Exec.scala:386)
	at org.apache.spark.sql.execution.datasources.v2.V2TableWriteExec.writeWithV2$(WriteToDataSourceV2Exec.scala:330)
	at org.apache.spark.sql.execution.datasources.v2.WriteToDataSourceV2Exec.writeWithV2(WriteToDataSourceV2Exec.scala:279)
	at org.apache.spark.sql.execution.datasources.v2.WriteToDataSourceV2Exec.run(WriteToDataSourceV2Exec.scala:290)
	at org.apache.spark.sql.execution.datasources.v2.V2CommandExec.result$lzycompute(V2CommandExec.scala:43)
	at org.apache.spark.sql.execution.datasources.v2.V2CommandExec.result(V2CommandExec.scala:43)
	at org.apache.spark.sql.execution.datasources.v2.V2CommandExec.executeCollect(V2CommandExec.scala:49)
	at org.apache.spark.sql.Dataset.collectFromPlan(Dataset.scala:3715)
	at org.apache.spark.sql.Dataset.$anonfun$collect$1(Dataset.scala:2971)
	at org.apache.spark.sql.Dataset.$anonfun$withAction$1(Dataset.scala:3706)
	at org.apache.spark.sql.execution.SQLExecution$.$anonfun$withNewExecutionId$5(SQLExecution.scala:103)
	at org.apache.spark.sql.execution.SQLExecution$.withSQLConfPropagated(SQLExecution.scala:163)
	at org.apache.spark.sql.execution.SQLExecution$.$anonfun$withNewExecutionId$1(SQLExecution.scala:90)
	at org.apache.spark.sql.SparkSession.withActive(SparkSession.scala:775)
	at org.apache.spark.sql.execution.SQLExecution$.withNewExecutionId(SQLExecution.scala:64)
	at org.apache.spark.sql.Dataset.withAction(Dataset.scala:3704)
	at org.apache.spark.sql.Dataset.collect(Dataset.scala:2971)
	at org.apache.spark.sql.execution.streaming.MicroBatchExecution.$anonfun$runBatch$17(MicroBatchExecution.scala:603)
	at org.apache.spark.sql.execution.SQLExecution$.$anonfun$withNewExecutionId$5(SQLExecution.scala:103)
	at org.apache.spark.sql.execution.SQLExecution$.withSQLConfPropagated(SQLExecution.scala:163)
	at org.apache.spark.sql.execution.SQLExecution$.$anonfun$withNewExecutionId$1(SQLExecution.scala:90)
	at org.apache.spark.sql.SparkSession.withActive(SparkSession.scala:775)
	at org.apache.spark.sql.execution.SQLExecution$.withNewExecutionId(SQLExecution.scala:64)
	at org.apache.spark.sql.execution.streaming.MicroBatchExecution.$anonfun$runBatch$16(MicroBatchExecution.scala:598)
	at org.apache.spark.sql.execution.streaming.ProgressReporter.reportTimeTaken(ProgressReporter.scala:375)
	at org.apache.spark.sql.execution.streaming.ProgressReporter.reportTimeTaken$(ProgressReporter.scala:373)
	at org.apache.spark.sql.execution.streaming.StreamExecution.reportTimeTaken(StreamExecution.scala:69)
	at org.apache.spark.sql.execution.streaming.MicroBatchExecution.runBatch(MicroBatchExecution.scala:598)
	at org.apache.spark.sql.execution.streaming.MicroBatchExecution.$anonfun$runActivatedStream$2(MicroBatchExecution.scala:228)
	at scala.runtime.java8.JFunction0$mcV$sp.apply(JFunction0$mcV$sp.java:23)
	at org.apache.spark.sql.execution.streaming.ProgressReporter.reportTimeTaken(ProgressReporter.scala:375)
	at org.apache.spark.sql.execution.streaming.ProgressReporter.reportTimeTaken$(ProgressReporter.scala:373)
	at org.apache.spark.sql.execution.streaming.StreamExecution.reportTimeTaken(StreamExecution.scala:69)
	at org.apache.spark.sql.execution.streaming.MicroBatchExecution.$anonfun$runActivatedStream$1(MicroBatchExecution.scala:193)
	at org.apache.spark.sql.execution.streaming.ProcessingTimeExecutor.execute(TriggerExecutor.scala:57)
	at org.apache.spark.sql.execution.streaming.MicroBatchExecution.runActivatedStream(MicroBatchExecution.scala:187)
	at org.apache.spark.sql.execution.streaming.StreamExecution.$anonfun$runStream$1(StreamExecution.scala:303)
	at scala.runtime.java8.JFunction0$mcV$sp.apply(JFunction0$mcV$sp.java:23)
	at org.apache.spark.sql.SparkSession.withActive(SparkSession.scala:775)
	at org.apache.spark.sql.execution.streaming.StreamExecution.org$apache$spark$sql$execution$streaming$StreamExecution$$runStream(StreamExecution.scala:286)
	at org.apache.spark.sql.execution.streaming.StreamExecution$$anon$1.run(StreamExecution.scala:209)
Caused by: org.apache.spark.SparkException: Job 25 cancelled because SparkContext was shut down
	at org.apache.spark.scheduler.DAGScheduler.$anonfun$cleanUpAfterSchedulerStop$1(DAGScheduler.scala:1166)
	at org.apache.spark.scheduler.DAGScheduler.$anonfun$cleanUpAfterSchedulerStop$1$adapted(DAGScheduler.scala:1164)
	at scala.collection.mutable.HashSet.foreach(HashSet.scala:79)
	at org.apache.spark.scheduler.DAGScheduler.cleanUpAfterSchedulerStop(DAGScheduler.scala:1164)
	at org.apache.spark.scheduler.DAGSchedulerEventProcessLoop.onStop(DAGScheduler.scala:2666)
	at org.apache.spark.util.EventLoop.stop(EventLoop.scala:84)
	at org.apache.spark.scheduler.DAGScheduler.stop(DAGScheduler.scala:2566)
	at org.apache.spark.SparkContext.$anonfun$stop$12(SparkContext.scala:2086)
	at org.apache.spark.util.Utils$.tryLogNonFatalError(Utils.scala:1442)
	at org.apache.spark.SparkContext.stop(SparkContext.scala:2086)
	at org.apache.spark.SparkContext.$anonfun$new$38(SparkContext.scala:667)
	at org.apache.spark.util.SparkShutdownHook.run(ShutdownHookManager.scala:214)
	at org.apache.spark.util.SparkShutdownHookManager.$anonfun$runAll$2(ShutdownHookManager.scala:188)
	at scala.runtime.java8.JFunction0$mcV$sp.apply(JFunction0$mcV$sp.java:23)
	at org.apache.spark.util.Utils$.logUncaughtExceptions(Utils.scala:2019)
	at org.apache.spark.util.SparkShutdownHookManager.$anonfun$runAll$1(ShutdownHookManager.scala:188)
	at scala.runtime.java8.JFunction0$mcV$sp.apply(JFunction0$mcV$sp.java:23)
	at scala.util.Try$.apply(Try.scala:213)
	at org.apache.spark.util.SparkShutdownHookManager.runAll(ShutdownHookManager.scala:188)
	at org.apache.spark.util.SparkShutdownHookManager$$anon$2.run(ShutdownHookManager.scala:178)
	at java.util.concurrent.Executors$RunnableAdapter.call(Executors.java:511)
	at java.util.concurrent.FutureTask.run(FutureTask.java:266)
	at java.util.concurrent.ThreadPoolExecutor.runWorker(ThreadPoolExecutor.java:1149)
	at java.util.concurrent.ThreadPoolExecutor$Worker.run(ThreadPoolExecutor.java:624)
	at java.lang.Thread.run(Thread.java:750)
	at org.apache.spark.scheduler.DAGScheduler.runJob(DAGScheduler.scala:938)
	at org.apache.spark.SparkContext.runJob(SparkContext.scala:2214)
	at org.apache.spark.sql.execution.datasources.v2.V2TableWriteExec.writeWithV2(WriteToDataSourceV2Exec.scala:354)
	... 40 more
24/09/14 04:42:12 WARN NettyRpcEnv: Ignored failure: java.util.concurrent.RejectedExecutionException: Task java.util.concurrent.ScheduledThreadPoolExecutor$ScheduledFutureTask@4ba717ab rejected from java.util.concurrent.ScheduledThreadPoolExecutor@6cb5fd93[Terminated, pool size = 0, active threads = 0, queued tasks = 0, completed tasks = 0]
Exception in thread "stream execution thread for [id = 0737e614-a975-48fe-8f35-8a65b2f874b3, runId = 9fc37d46-8ffe-4b5f-a94a-d32c17354d3f]" org.apache.spark.SparkException: Exception thrown in awaitResult: 
	at org.apache.spark.util.ThreadUtils$.awaitResult(ThreadUtils.scala:301)
	at org.apache.spark.rpc.RpcTimeout.awaitResult(RpcTimeout.scala:75)
	at org.apache.spark.rpc.RpcEndpointRef.askSync(RpcEndpointRef.scala:103)
	at org.apache.spark.rpc.RpcEndpointRef.askSync(RpcEndpointRef.scala:87)
	at org.apache.spark.sql.execution.streaming.state.StateStoreCoordinatorRef.deactivateInstances(StateStoreCoordinator.scala:119)
	at org.apache.spark.sql.streaming.StreamingQueryManager.notifyQueryTermination(StreamingQueryManager.scala:402)
	at org.apache.spark.sql.execution.streaming.StreamExecution.$anonfun$runStream$3(StreamExecution.scala:352)
	at scala.runtime.java8.JFunction0$mcV$sp.apply(JFunction0$mcV$sp.java:23)
	at org.apache.spark.util.UninterruptibleThread.runUninterruptibly(UninterruptibleThread.scala:77)
	at org.apache.spark.sql.execution.streaming.StreamExecution.org$apache$spark$sql$execution$streaming$StreamExecution$$runStream(StreamExecution.scala:333)
	at org.apache.spark.sql.execution.streaming.StreamExecution$$anon$1.run(StreamExecution.scala:209)
Caused by: org.apache.spark.rpc.RpcEnvStoppedException: RpcEnv already stopped.
	at org.apache.spark.rpc.netty.Dispatcher.postMessage(Dispatcher.scala:176)
	at org.apache.spark.rpc.netty.Dispatcher.postLocalMessage(Dispatcher.scala:144)
	at org.apache.spark.rpc.netty.NettyRpcEnv.askAbortable(NettyRpcEnv.scala:242)
	at org.apache.spark.rpc.netty.NettyRpcEndpointRef.askAbortable(NettyRpcEnv.scala:555)
	at org.apache.spark.rpc.netty.NettyRpcEndpointRef.ask(NettyRpcEnv.scala:559)
	at org.apache.spark.rpc.RpcEndpointRef.askSync(RpcEndpointRef.scala:102)
	... 8 more
